<?xml version="1.0" encoding="UTF-8" ?>
<testsuite tests="13" failures="0" name="edu.java8.practice.service.impl.UserServiceImplTest" time="0.104" errors="0" skipped="0">
  <properties>
[...]
</properties>
  <testcase classname="edu.java8.practice.service.impl.UserServiceImplTest" name="shouldSortUsersByAgeDescAndNameDesc" time="0.071"/>
  <testcase classname="edu.java8.practice.service.impl.UserServiceImplTest" name="shouldReturnOptionalEmptyIfThereAreDistinctNumberOfLastNames" time="0.007"/>
  <testcase classname="edu.java8.practice.service.impl.UserServiceImplTest" name="shouldReturnMinusOneInsteadOfAverageForEmptyList" time="0.005"/>
  <testcase classname="edu.java8.practice.service.impl.UserServiceImplTest" name="shouldReturnGroupedMapOfLastNamesAndEncounteredNumber" time="0.003"/>
  <testcase classname="edu.java8.practice.service.impl.UserServiceImplTest" name="shouldReturnAverageAgeForUsers" time="0"/>
  <testcase classname="edu.java8.practice.service.impl.UserServiceImplTest" name="shouldReturnUpdateUserWithAgeHigherThanGiven" time="0.002"/>
  <testcase classname="edu.java8.practice.service.impl.UserServiceImplTest" name="shouldReturnTheSameListIfNoPredicatesProvided" time="0.002"/>
  <testcase classname="edu.java8.practice.service.impl.UserServiceImplTest" name="shouldReturnMostFrequentLastName" time="0.002"/>
  <testcase classname="edu.java8.practice.service.impl.UserServiceImplTest" name="shouldFilterListOfUsersByGivenConditions" time="0.002"/>
  <testcase classname="edu.java8.practice.service.impl.UserServiceImplTest" name="shouldReturnGroupedMapByNumberOfPrivileges" time="0.003"/>
  <testcase classname="edu.java8.practice.service.impl.UserServiceImplTest" name="shouldConvertListOfUsersToCSVOfUsersLastNames" time="0.001"/>
  <testcase classname="edu.java8.practice.service.impl.UserServiceImplTest" name="shouldReturnGroupedMapByPrivileges" time="0.004"/>
  <testcase classname="edu.java8.practice.service.impl.UserServiceImplTest" name="shouldReturnDistinctPrivilegesForUsers" time="0.002"/>
</testsuite>